<?xml version="1.0" encoding="UTF-8"?>
<testng-results skipped="0" failed="0" total="1" passed="1">
  <reporter-output>
  </reporter-output>
  <suite name="Suite" duration-ms="10000" started-at="2019-04-07T14:44:06Z" finished-at="2019-04-07T14:44:16Z">
    <groups>
    </groups>
    <test name="Test" duration-ms="10000" started-at="2019-04-07T14:44:06Z" finished-at="2019-04-07T14:44:16Z">
      <class name="exemple.NewTest">
        <test-method status="PASS" signature="beforeTest()[pri:0, instance:exemple.NewTest@cc285f4]" name="beforeTest" is-config="true" duration-ms="3663" started-at="2019-04-07T11:44:06Z" finished-at="2019-04-07T11:44:09Z">
          <reporter-output>
          </reporter-output>
        </test-method> <!-- beforeTest -->
        <test-method status="PASS" signature="testEasy()[pri:0, instance:exemple.NewTest@cc285f4]" name="testEasy" duration-ms="5105" started-at="2019-04-07T11:44:09Z" finished-at="2019-04-07T11:44:14Z">
          <reporter-output>
          </reporter-output>
        </test-method> <!-- testEasy -->
        <test-method status="PASS" signature="afterTest()[pri:0, instance:exemple.NewTest@cc285f4]" name="afterTest" is-config="true" duration-ms="1212" started-at="2019-04-07T11:44:14Z" finished-at="2019-04-07T11:44:16Z">
          <reporter-output>
          </reporter-output>
        </test-method> <!-- afterTest -->
      </class> <!-- exemple.NewTest -->
    </test> <!-- Test -->
  </suite> <!-- Suite -->
</testng-results>
